Determining if the include file malloc/malloc.h exists failed with the following output:
Change Dir: /home/thomas/dev/apple-libtapi/src/llvm1/build/CMakeFiles/CMakeTmp

Run Build Command(s):/usr/bin/make cmTC_9ba99/fast 
/usr/bin/make -f CMakeFiles/cmTC_9ba99.dir/build.make CMakeFiles/cmTC_9ba99.dir/build
make[1]: Verzeichnis „/home/thomas/dev/apple-libtapi/src/llvm1/build/CMakeFiles/CMakeTmp“ wird betreten
Building C object CMakeFiles/cmTC_9ba99.dir/CheckIncludeFile.c.o
/usr/bin/cc    -o CMakeFiles/cmTC_9ba99.dir/CheckIncludeFile.c.o   -c /home/thomas/dev/apple-libtapi/src/llvm1/build/CMakeFiles/CMakeTmp/CheckIncludeFile.c
/home/thomas/dev/apple-libtapi/src/llvm1/build/CMakeFiles/CMakeTmp/CheckIncludeFile.c:1:10: schwerwiegender Fehler: malloc/malloc.h: Datei oder Verzeichnis nicht gefunden
    1 | #include <malloc/malloc.h>
      |          ^~~~~~~~~~~~~~~~~
Kompilierung beendet.
make[1]: *** [CMakeFiles/cmTC_9ba99.dir/build.make:66: CMakeFiles/cmTC_9ba99.dir/CheckIncludeFile.c.o] Fehler 1
make[1]: Verzeichnis „/home/thomas/dev/apple-libtapi/src/llvm1/build/CMakeFiles/CMakeTmp“ wird verlassen
make: *** [Makefile:121: cmTC_9ba99/fast] Fehler 2


Determining if the include file ndir.h exists failed with the following output:
Change Dir: /home/thomas/dev/apple-libtapi/src/llvm1/build/CMakeFiles/CMakeTmp

Run Build Command(s):/usr/bin/make cmTC_c17b5/fast 
/usr/bin/make -f CMakeFiles/cmTC_c17b5.dir/build.make CMakeFiles/cmTC_c17b5.dir/build
make[1]: Verzeichnis „/home/thomas/dev/apple-libtapi/src/llvm1/build/CMakeFiles/CMakeTmp“ wird betreten
Building C object CMakeFiles/cmTC_c17b5.dir/CheckIncludeFile.c.o
/usr/bin/cc    -o CMakeFiles/cmTC_c17b5.dir/CheckIncludeFile.c.o   -c /home/thomas/dev/apple-libtapi/src/llvm1/build/CMakeFiles/CMakeTmp/CheckIncludeFile.c
/home/thomas/dev/apple-libtapi/src/llvm1/build/CMakeFiles/CMakeTmp/CheckIncludeFile.c:1:10: schwerwiegender Fehler: ndir.h: Datei oder Verzeichnis nicht gefunden
    1 | #include <ndir.h>
      |          ^~~~~~~~
Kompilierung beendet.
make[1]: *** [CMakeFiles/cmTC_c17b5.dir/build.make:66: CMakeFiles/cmTC_c17b5.dir/CheckIncludeFile.c.o] Fehler 1
make[1]: Verzeichnis „/home/thomas/dev/apple-libtapi/src/llvm1/build/CMakeFiles/CMakeTmp“ wird verlassen
make: *** [Makefile:121: cmTC_c17b5/fast] Fehler 2


Determining if the include file sys/ndir.h exists failed with the following output:
Change Dir: /home/thomas/dev/apple-libtapi/src/llvm1/build/CMakeFiles/CMakeTmp

Run Build Command(s):/usr/bin/make cmTC_ac0cb/fast 
/usr/bin/make -f CMakeFiles/cmTC_ac0cb.dir/build.make CMakeFiles/cmTC_ac0cb.dir/build
make[1]: Verzeichnis „/home/thomas/dev/apple-libtapi/src/llvm1/build/CMakeFiles/CMakeTmp“ wird betreten
Building C object CMakeFiles/cmTC_ac0cb.dir/CheckIncludeFile.c.o
/usr/bin/cc    -o CMakeFiles/cmTC_ac0cb.dir/CheckIncludeFile.c.o   -c /home/thomas/dev/apple-libtapi/src/llvm1/build/CMakeFiles/CMakeTmp/CheckIncludeFile.c
/home/thomas/dev/apple-libtapi/src/llvm1/build/CMakeFiles/CMakeTmp/CheckIncludeFile.c:1:10: schwerwiegender Fehler: sys/ndir.h: Datei oder Verzeichnis nicht gefunden
    1 | #include <sys/ndir.h>
      |          ^~~~~~~~~~~~
Kompilierung beendet.
make[1]: *** [CMakeFiles/cmTC_ac0cb.dir/build.make:66: CMakeFiles/cmTC_ac0cb.dir/CheckIncludeFile.c.o] Fehler 1
make[1]: Verzeichnis „/home/thomas/dev/apple-libtapi/src/llvm1/build/CMakeFiles/CMakeTmp“ wird verlassen
make: *** [Makefile:121: cmTC_ac0cb/fast] Fehler 2


Determining if the include file valgrind/valgrind.h exists failed with the following output:
Change Dir: /home/thomas/dev/apple-libtapi/src/llvm1/build/CMakeFiles/CMakeTmp

Run Build Command(s):/usr/bin/make cmTC_fc78d/fast 
/usr/bin/make -f CMakeFiles/cmTC_fc78d.dir/build.make CMakeFiles/cmTC_fc78d.dir/build
make[1]: Verzeichnis „/home/thomas/dev/apple-libtapi/src/llvm1/build/CMakeFiles/CMakeTmp“ wird betreten
Building C object CMakeFiles/cmTC_fc78d.dir/CheckIncludeFile.c.o
/usr/bin/cc    -o CMakeFiles/cmTC_fc78d.dir/CheckIncludeFile.c.o   -c /home/thomas/dev/apple-libtapi/src/llvm1/build/CMakeFiles/CMakeTmp/CheckIncludeFile.c
/home/thomas/dev/apple-libtapi/src/llvm1/build/CMakeFiles/CMakeTmp/CheckIncludeFile.c:1:10: schwerwiegender Fehler: valgrind/valgrind.h: Datei oder Verzeichnis nicht gefunden
    1 | #include <valgrind/valgrind.h>
      |          ^~~~~~~~~~~~~~~~~~~~~
Kompilierung beendet.
make[1]: *** [CMakeFiles/cmTC_fc78d.dir/build.make:66: CMakeFiles/cmTC_fc78d.dir/CheckIncludeFile.c.o] Fehler 1
make[1]: Verzeichnis „/home/thomas/dev/apple-libtapi/src/llvm1/build/CMakeFiles/CMakeTmp“ wird verlassen
make: *** [Makefile:121: cmTC_fc78d/fast] Fehler 2


Determining if the include file mach/mach.h exists failed with the following output:
Change Dir: /home/thomas/dev/apple-libtapi/src/llvm1/build/CMakeFiles/CMakeTmp

Run Build Command(s):/usr/bin/make cmTC_9908b/fast 
/usr/bin/make -f CMakeFiles/cmTC_9908b.dir/build.make CMakeFiles/cmTC_9908b.dir/build
make[1]: Verzeichnis „/home/thomas/dev/apple-libtapi/src/llvm1/build/CMakeFiles/CMakeTmp“ wird betreten
Building C object CMakeFiles/cmTC_9908b.dir/CheckIncludeFile.c.o
/usr/bin/cc    -o CMakeFiles/cmTC_9908b.dir/CheckIncludeFile.c.o   -c /home/thomas/dev/apple-libtapi/src/llvm1/build/CMakeFiles/CMakeTmp/CheckIncludeFile.c
/home/thomas/dev/apple-libtapi/src/llvm1/build/CMakeFiles/CMakeTmp/CheckIncludeFile.c:1:10: schwerwiegender Fehler: mach/mach.h: Datei oder Verzeichnis nicht gefunden
    1 | #include <mach/mach.h>
      |          ^~~~~~~~~~~~~
Kompilierung beendet.
make[1]: *** [CMakeFiles/cmTC_9908b.dir/build.make:66: CMakeFiles/cmTC_9908b.dir/CheckIncludeFile.c.o] Fehler 1
make[1]: Verzeichnis „/home/thomas/dev/apple-libtapi/src/llvm1/build/CMakeFiles/CMakeTmp“ wird verlassen
make: *** [Makefile:121: cmTC_9908b/fast] Fehler 2


Determining if the include file CrashReporterClient.h exists failed with the following output:
Change Dir: /home/thomas/dev/apple-libtapi/src/llvm1/build/CMakeFiles/CMakeTmp

Run Build Command(s):/usr/bin/make cmTC_99acf/fast 
/usr/bin/make -f CMakeFiles/cmTC_99acf.dir/build.make CMakeFiles/cmTC_99acf.dir/build
make[1]: Verzeichnis „/home/thomas/dev/apple-libtapi/src/llvm1/build/CMakeFiles/CMakeTmp“ wird betreten
Building C object CMakeFiles/cmTC_99acf.dir/CheckIncludeFile.c.o
/usr/bin/cc    -o CMakeFiles/cmTC_99acf.dir/CheckIncludeFile.c.o   -c /home/thomas/dev/apple-libtapi/src/llvm1/build/CMakeFiles/CMakeTmp/CheckIncludeFile.c
/home/thomas/dev/apple-libtapi/src/llvm1/build/CMakeFiles/CMakeTmp/CheckIncludeFile.c:1:10: schwerwiegender Fehler: CrashReporterClient.h: Datei oder Verzeichnis nicht gefunden
    1 | #include <CrashReporterClient.h>
      |          ^~~~~~~~~~~~~~~~~~~~~~~
Kompilierung beendet.
make[1]: *** [CMakeFiles/cmTC_99acf.dir/build.make:66: CMakeFiles/cmTC_99acf.dir/CheckIncludeFile.c.o] Fehler 1
make[1]: Verzeichnis „/home/thomas/dev/apple-libtapi/src/llvm1/build/CMakeFiles/CMakeTmp“ wird verlassen
make: *** [Makefile:121: cmTC_99acf/fast] Fehler 2


Determining if the pthread_create exist failed with the following output:
Change Dir: /home/thomas/dev/apple-libtapi/src/llvm1/build/CMakeFiles/CMakeTmp

Run Build Command(s):/usr/bin/make cmTC_ed512/fast 
/usr/bin/make -f CMakeFiles/cmTC_ed512.dir/build.make CMakeFiles/cmTC_ed512.dir/build
make[1]: Verzeichnis „/home/thomas/dev/apple-libtapi/src/llvm1/build/CMakeFiles/CMakeTmp“ wird betreten
Building C object CMakeFiles/cmTC_ed512.dir/CheckSymbolExists.c.o
/usr/bin/cc    -o CMakeFiles/cmTC_ed512.dir/CheckSymbolExists.c.o   -c /home/thomas/dev/apple-libtapi/src/llvm1/build/CMakeFiles/CMakeTmp/CheckSymbolExists.c
Linking C executable cmTC_ed512
/usr/bin/cmake -E cmake_link_script CMakeFiles/cmTC_ed512.dir/link.txt --verbose=1
/usr/bin/cc      CMakeFiles/cmTC_ed512.dir/CheckSymbolExists.c.o  -o cmTC_ed512 -lm 
/usr/bin/ld: CMakeFiles/cmTC_ed512.dir/CheckSymbolExists.c.o: in function `main':
CheckSymbolExists.c:(.text+0x1b): undefined reference to `pthread_create'
collect2: Fehler: ld gab 1 als Ende-Status zurück
make[1]: *** [CMakeFiles/cmTC_ed512.dir/build.make:87: cmTC_ed512] Fehler 1
make[1]: Verzeichnis „/home/thomas/dev/apple-libtapi/src/llvm1/build/CMakeFiles/CMakeTmp“ wird verlassen
make: *** [Makefile:121: cmTC_ed512/fast] Fehler 2

File /home/thomas/dev/apple-libtapi/src/llvm1/build/CMakeFiles/CMakeTmp/CheckSymbolExists.c:
/* */
#include <pthread.h>

int main(int argc, char** argv)
{
  (void)argv;
#ifndef pthread_create
  return ((int*)(&pthread_create))[argc];
#else
  (void)argc;
  return 0;
#endif
}

Determining if the function pthread_create exists in the pthreads failed with the following output:
Change Dir: /home/thomas/dev/apple-libtapi/src/llvm1/build/CMakeFiles/CMakeTmp

Run Build Command(s):/usr/bin/make cmTC_0fa1a/fast 
/usr/bin/make -f CMakeFiles/cmTC_0fa1a.dir/build.make CMakeFiles/cmTC_0fa1a.dir/build
make[1]: Verzeichnis „/home/thomas/dev/apple-libtapi/src/llvm1/build/CMakeFiles/CMakeTmp“ wird betreten
Building C object CMakeFiles/cmTC_0fa1a.dir/CheckFunctionExists.c.o
/usr/bin/cc   -DCHECK_FUNCTION_EXISTS=pthread_create   -o CMakeFiles/cmTC_0fa1a.dir/CheckFunctionExists.c.o   -c /usr/share/cmake-3.14/Modules/CheckFunctionExists.c
Linking C executable cmTC_0fa1a
/usr/bin/cmake -E cmake_link_script CMakeFiles/cmTC_0fa1a.dir/link.txt --verbose=1
/usr/bin/cc  -DCHECK_FUNCTION_EXISTS=pthread_create    CMakeFiles/cmTC_0fa1a.dir/CheckFunctionExists.c.o  -o cmTC_0fa1a -lpthreads -lm 
/usr/bin/ld: cannot find -lpthreads
collect2: Fehler: ld gab 1 als Ende-Status zurück
make[1]: *** [CMakeFiles/cmTC_0fa1a.dir/build.make:87: cmTC_0fa1a] Fehler 1
make[1]: Verzeichnis „/home/thomas/dev/apple-libtapi/src/llvm1/build/CMakeFiles/CMakeTmp“ wird verlassen
make: *** [Makefile:121: cmTC_0fa1a/fast] Fehler 2


Determining if the arc4random exist failed with the following output:
Change Dir: /home/thomas/dev/apple-libtapi/src/llvm1/build/CMakeFiles/CMakeTmp

Run Build Command(s):/usr/bin/make cmTC_7fa0c/fast 
/usr/bin/make -f CMakeFiles/cmTC_7fa0c.dir/build.make CMakeFiles/cmTC_7fa0c.dir/build
make[1]: Verzeichnis „/home/thomas/dev/apple-libtapi/src/llvm1/build/CMakeFiles/CMakeTmp“ wird betreten
Building C object CMakeFiles/cmTC_7fa0c.dir/CheckSymbolExists.c.o
/usr/bin/cc    -o CMakeFiles/cmTC_7fa0c.dir/CheckSymbolExists.c.o   -c /home/thomas/dev/apple-libtapi/src/llvm1/build/CMakeFiles/CMakeTmp/CheckSymbolExists.c
/home/thomas/dev/apple-libtapi/src/llvm1/build/CMakeFiles/CMakeTmp/CheckSymbolExists.c: In Funktion »main«:
/home/thomas/dev/apple-libtapi/src/llvm1/build/CMakeFiles/CMakeTmp/CheckSymbolExists.c:8:19: Fehler: »arc4random« nicht deklariert (erstmalige Verwendung in dieser Funktion); meinten Sie »srandom«?
    8 |   return ((int*)(&arc4random))[argc];
      |                   ^~~~~~~~~~
      |                   srandom
/home/thomas/dev/apple-libtapi/src/llvm1/build/CMakeFiles/CMakeTmp/CheckSymbolExists.c:8:19: Anmerkung: jeder nicht deklarierte Bezeichner wird nur einmal für jede Funktion, in der er vorkommt, gemeldet
make[1]: *** [CMakeFiles/cmTC_7fa0c.dir/build.make:66: CMakeFiles/cmTC_7fa0c.dir/CheckSymbolExists.c.o] Fehler 1
make[1]: Verzeichnis „/home/thomas/dev/apple-libtapi/src/llvm1/build/CMakeFiles/CMakeTmp“ wird verlassen
make: *** [Makefile:121: cmTC_7fa0c/fast] Fehler 2

File /home/thomas/dev/apple-libtapi/src/llvm1/build/CMakeFiles/CMakeTmp/CheckSymbolExists.c:
/* */
#include <stdlib.h>

int main(int argc, char** argv)
{
  (void)argv;
#ifndef arc4random
  return ((int*)(&arc4random))[argc];
#else
  (void)argc;
  return 0;
#endif
}

Performing C SOURCE FILE Test C_SUPPORTS_WERROR_UNGUARDED_AVAILABILITY_NEW failed with the following output:
Change Dir: /home/thomas/dev/apple-libtapi/src/llvm1/build/CMakeFiles/CMakeTmp

Run Build Command(s):/usr/bin/make cmTC_e74a9/fast 
/usr/bin/make -f CMakeFiles/cmTC_e74a9.dir/build.make CMakeFiles/cmTC_e74a9.dir/build
make[1]: Entering directory '/home/thomas/dev/apple-libtapi/src/llvm1/build/CMakeFiles/CMakeTmp'
Building C object CMakeFiles/cmTC_e74a9.dir/src.c.o
/usr/bin/cc   -DC_SUPPORTS_WERROR_UNGUARDED_AVAILABILITY_NEW   -Werror=unguarded-availability-new -o CMakeFiles/cmTC_e74a9.dir/src.c.o   -c /home/thomas/dev/apple-libtapi/src/llvm1/build/CMakeFiles/CMakeTmp/src.c
cc1: error: '-Werror=unguarded-availability-new': no option -Wunguarded-availability-new
make[1]: *** [CMakeFiles/cmTC_e74a9.dir/build.make:66: CMakeFiles/cmTC_e74a9.dir/src.c.o] Error 1
make[1]: Leaving directory '/home/thomas/dev/apple-libtapi/src/llvm1/build/CMakeFiles/CMakeTmp'
make: *** [Makefile:121: cmTC_e74a9/fast] Error 2

Source file was:
int main(void) { return 0; }
Determining if the mallctl exist failed with the following output:
Change Dir: /home/thomas/dev/apple-libtapi/src/llvm1/build/CMakeFiles/CMakeTmp

Run Build Command(s):/usr/bin/make cmTC_82ea5/fast 
/usr/bin/make -f CMakeFiles/cmTC_82ea5.dir/build.make CMakeFiles/cmTC_82ea5.dir/build
make[1]: Verzeichnis „/home/thomas/dev/apple-libtapi/src/llvm1/build/CMakeFiles/CMakeTmp“ wird betreten
Building C object CMakeFiles/cmTC_82ea5.dir/CheckSymbolExists.c.o
/usr/bin/cc    -o CMakeFiles/cmTC_82ea5.dir/CheckSymbolExists.c.o   -c /home/thomas/dev/apple-libtapi/src/llvm1/build/CMakeFiles/CMakeTmp/CheckSymbolExists.c
/home/thomas/dev/apple-libtapi/src/llvm1/build/CMakeFiles/CMakeTmp/CheckSymbolExists.c:2:10: schwerwiegender Fehler: malloc_np.h: Datei oder Verzeichnis nicht gefunden
    2 | #include <malloc_np.h>
      |          ^~~~~~~~~~~~~
Kompilierung beendet.
make[1]: *** [CMakeFiles/cmTC_82ea5.dir/build.make:66: CMakeFiles/cmTC_82ea5.dir/CheckSymbolExists.c.o] Fehler 1
make[1]: Verzeichnis „/home/thomas/dev/apple-libtapi/src/llvm1/build/CMakeFiles/CMakeTmp“ wird verlassen
make: *** [Makefile:121: cmTC_82ea5/fast] Fehler 2

File /home/thomas/dev/apple-libtapi/src/llvm1/build/CMakeFiles/CMakeTmp/CheckSymbolExists.c:
/* */
#include <malloc_np.h>

int main(int argc, char** argv)
{
  (void)argv;
#ifndef mallctl
  return ((int*)(&mallctl))[argc];
#else
  (void)argc;
  return 0;
#endif
}

Determining if the malloc_zone_statistics exist failed with the following output:
Change Dir: /home/thomas/dev/apple-libtapi/src/llvm1/build/CMakeFiles/CMakeTmp

Run Build Command(s):/usr/bin/make cmTC_b5a17/fast 
/usr/bin/make -f CMakeFiles/cmTC_b5a17.dir/build.make CMakeFiles/cmTC_b5a17.dir/build
make[1]: Verzeichnis „/home/thomas/dev/apple-libtapi/src/llvm1/build/CMakeFiles/CMakeTmp“ wird betreten
Building C object CMakeFiles/cmTC_b5a17.dir/CheckSymbolExists.c.o
/usr/bin/cc    -o CMakeFiles/cmTC_b5a17.dir/CheckSymbolExists.c.o   -c /home/thomas/dev/apple-libtapi/src/llvm1/build/CMakeFiles/CMakeTmp/CheckSymbolExists.c
/home/thomas/dev/apple-libtapi/src/llvm1/build/CMakeFiles/CMakeTmp/CheckSymbolExists.c:2:10: schwerwiegender Fehler: malloc/malloc.h: Datei oder Verzeichnis nicht gefunden
    2 | #include <malloc/malloc.h>
      |          ^~~~~~~~~~~~~~~~~
Kompilierung beendet.
make[1]: *** [CMakeFiles/cmTC_b5a17.dir/build.make:66: CMakeFiles/cmTC_b5a17.dir/CheckSymbolExists.c.o] Fehler 1
make[1]: Verzeichnis „/home/thomas/dev/apple-libtapi/src/llvm1/build/CMakeFiles/CMakeTmp“ wird verlassen
make: *** [Makefile:121: cmTC_b5a17/fast] Fehler 2

File /home/thomas/dev/apple-libtapi/src/llvm1/build/CMakeFiles/CMakeTmp/CheckSymbolExists.c:
/* */
#include <malloc/malloc.h>

int main(int argc, char** argv)
{
  (void)argv;
#ifndef malloc_zone_statistics
  return ((int*)(&malloc_zone_statistics))[argc];
#else
  (void)argc;
  return 0;
#endif
}

Determining if the strerror_s exist failed with the following output:
Change Dir: /home/thomas/dev/apple-libtapi/src/llvm1/build/CMakeFiles/CMakeTmp

Run Build Command(s):/usr/bin/make cmTC_be44e/fast 
/usr/bin/make -f CMakeFiles/cmTC_be44e.dir/build.make CMakeFiles/cmTC_be44e.dir/build
make[1]: Verzeichnis „/home/thomas/dev/apple-libtapi/src/llvm1/build/CMakeFiles/CMakeTmp“ wird betreten
Building C object CMakeFiles/cmTC_be44e.dir/CheckSymbolExists.c.o
/usr/bin/cc    -o CMakeFiles/cmTC_be44e.dir/CheckSymbolExists.c.o   -c /home/thomas/dev/apple-libtapi/src/llvm1/build/CMakeFiles/CMakeTmp/CheckSymbolExists.c
/home/thomas/dev/apple-libtapi/src/llvm1/build/CMakeFiles/CMakeTmp/CheckSymbolExists.c: In Funktion »main«:
/home/thomas/dev/apple-libtapi/src/llvm1/build/CMakeFiles/CMakeTmp/CheckSymbolExists.c:8:19: Fehler: »strerror_s« nicht deklariert (erstmalige Verwendung in dieser Funktion); meinten Sie »strerror_l«?
    8 |   return ((int*)(&strerror_s))[argc];
      |                   ^~~~~~~~~~
      |                   strerror_l
/home/thomas/dev/apple-libtapi/src/llvm1/build/CMakeFiles/CMakeTmp/CheckSymbolExists.c:8:19: Anmerkung: jeder nicht deklarierte Bezeichner wird nur einmal für jede Funktion, in der er vorkommt, gemeldet
make[1]: *** [CMakeFiles/cmTC_be44e.dir/build.make:66: CMakeFiles/cmTC_be44e.dir/CheckSymbolExists.c.o] Fehler 1
make[1]: Verzeichnis „/home/thomas/dev/apple-libtapi/src/llvm1/build/CMakeFiles/CMakeTmp“ wird verlassen
make: *** [Makefile:121: cmTC_be44e/fast] Fehler 2

File /home/thomas/dev/apple-libtapi/src/llvm1/build/CMakeFiles/CMakeTmp/CheckSymbolExists.c:
/* */
#include <string.h>

int main(int argc, char** argv)
{
  (void)argv;
#ifndef strerror_s
  return ((int*)(&strerror_s))[argc];
#else
  (void)argc;
  return 0;
#endif
}

Determining if the dladdr exist failed with the following output:
Change Dir: /home/thomas/dev/apple-libtapi/src/llvm1/build/CMakeFiles/CMakeTmp

Run Build Command(s):/usr/bin/make cmTC_b4e94/fast 
/usr/bin/make -f CMakeFiles/cmTC_b4e94.dir/build.make CMakeFiles/cmTC_b4e94.dir/build
make[1]: Verzeichnis „/home/thomas/dev/apple-libtapi/src/llvm1/build/CMakeFiles/CMakeTmp“ wird betreten
Building C object CMakeFiles/cmTC_b4e94.dir/CheckSymbolExists.c.o
/usr/bin/cc    -o CMakeFiles/cmTC_b4e94.dir/CheckSymbolExists.c.o   -c /home/thomas/dev/apple-libtapi/src/llvm1/build/CMakeFiles/CMakeTmp/CheckSymbolExists.c
/home/thomas/dev/apple-libtapi/src/llvm1/build/CMakeFiles/CMakeTmp/CheckSymbolExists.c: In Funktion »main«:
/home/thomas/dev/apple-libtapi/src/llvm1/build/CMakeFiles/CMakeTmp/CheckSymbolExists.c:8:19: Fehler: »dladdr« nicht deklariert (erste Verwendung in dieser Funktion)
    8 |   return ((int*)(&dladdr))[argc];
      |                   ^~~~~~
/home/thomas/dev/apple-libtapi/src/llvm1/build/CMakeFiles/CMakeTmp/CheckSymbolExists.c:8:19: Anmerkung: jeder nicht deklarierte Bezeichner wird nur einmal für jede Funktion, in der er vorkommt, gemeldet
make[1]: *** [CMakeFiles/cmTC_b4e94.dir/build.make:66: CMakeFiles/cmTC_b4e94.dir/CheckSymbolExists.c.o] Fehler 1
make[1]: Verzeichnis „/home/thomas/dev/apple-libtapi/src/llvm1/build/CMakeFiles/CMakeTmp“ wird verlassen
make: *** [Makefile:121: cmTC_b4e94/fast] Fehler 2

File /home/thomas/dev/apple-libtapi/src/llvm1/build/CMakeFiles/CMakeTmp/CheckSymbolExists.c:
/* */
#include <dlfcn.h>

int main(int argc, char** argv)
{
  (void)argv;
#ifndef dladdr
  return ((int*)(&dladdr))[argc];
#else
  (void)argc;
  return 0;
#endif
}

Performing C++ SOURCE FILE Test SUPPORTS_GNU_ZERO_VARIADIC_MACRO_ARGUMENTS_FLAG failed with the following output:
Change Dir: /home/thomas/dev/apple-libtapi/src/llvm1/build/CMakeFiles/CMakeTmp

Run Build Command(s):/usr/bin/make cmTC_7edac/fast 
/usr/bin/make -f CMakeFiles/cmTC_7edac.dir/build.make CMakeFiles/cmTC_7edac.dir/build
make[1]: Entering directory '/home/thomas/dev/apple-libtapi/src/llvm1/build/CMakeFiles/CMakeTmp'
Building CXX object CMakeFiles/cmTC_7edac.dir/src.cxx.o
/usr/bin/c++    -DSUPPORTS_GNU_ZERO_VARIADIC_MACRO_ARGUMENTS_FLAG   -Wgnu-zero-variadic-macro-arguments -o CMakeFiles/cmTC_7edac.dir/src.cxx.o -c /home/thomas/dev/apple-libtapi/src/llvm1/build/CMakeFiles/CMakeTmp/src.cxx
c++: error: unrecognized command line option '-Wgnu-zero-variadic-macro-arguments'
make[1]: *** [CMakeFiles/cmTC_7edac.dir/build.make:66: CMakeFiles/cmTC_7edac.dir/src.cxx.o] Error 1
make[1]: Leaving directory '/home/thomas/dev/apple-libtapi/src/llvm1/build/CMakeFiles/CMakeTmp'
make: *** [Makefile:121: cmTC_7edac/fast] Error 2

Source file was:
int main() { return 0; }
Performing C++ SOURCE FILE Test CXX_SUPPORTS_WERROR_UNGUARDED_AVAILABILITY_NEW failed with the following output:
Change Dir: /home/thomas/dev/apple-libtapi/src/llvm1/build/CMakeFiles/CMakeTmp

Run Build Command(s):/usr/bin/make cmTC_e90dc/fast 
/usr/bin/make -f CMakeFiles/cmTC_e90dc.dir/build.make CMakeFiles/cmTC_e90dc.dir/build
make[1]: Entering directory '/home/thomas/dev/apple-libtapi/src/llvm1/build/CMakeFiles/CMakeTmp'
Building CXX object CMakeFiles/cmTC_e90dc.dir/src.cxx.o
/usr/bin/c++    -fPIC -fvisibility-inlines-hidden -Werror=date-time -DCXX_SUPPORTS_WERROR_UNGUARDED_AVAILABILITY_NEW   -Werror -Werror=unguarded-availability-new -o CMakeFiles/cmTC_e90dc.dir/src.cxx.o -c /home/thomas/dev/apple-libtapi/src/llvm1/build/CMakeFiles/CMakeTmp/src.cxx
cc1plus: error: '-Werror=unguarded-availability-new': no option -Wunguarded-availability-new
make[1]: *** [CMakeFiles/cmTC_e90dc.dir/build.make:66: CMakeFiles/cmTC_e90dc.dir/src.cxx.o] Error 1
make[1]: Leaving directory '/home/thomas/dev/apple-libtapi/src/llvm1/build/CMakeFiles/CMakeTmp'
make: *** [Makefile:121: cmTC_e90dc/fast] Error 2

Source file was:
int main() { return 0; }
Performing C SOURCE FILE Test C_SUPPORTS_COVERED_SWITCH_DEFAULT_FLAG failed with the following output:
Change Dir: /home/thomas/dev/apple-libtapi/src/llvm1/build/CMakeFiles/CMakeTmp

Run Build Command(s):/usr/bin/make cmTC_7e3f5/fast 
/usr/bin/make -f CMakeFiles/cmTC_7e3f5.dir/build.make CMakeFiles/cmTC_7e3f5.dir/build
make[1]: Entering directory '/home/thomas/dev/apple-libtapi/src/llvm1/build/CMakeFiles/CMakeTmp'
Building C object CMakeFiles/cmTC_7e3f5.dir/src.c.o
/usr/bin/cc   -fPIC -Werror=date-time -Wall -W -Wno-unused-parameter -Wwrite-strings -Wno-missing-field-initializers -pedantic -Wno-long-long -DC_SUPPORTS_COVERED_SWITCH_DEFAULT_FLAG   -Werror -Wcovered-switch-default -o CMakeFiles/cmTC_7e3f5.dir/src.c.o   -c /home/thomas/dev/apple-libtapi/src/llvm1/build/CMakeFiles/CMakeTmp/src.c
cc: error: unrecognized command line option '-Wcovered-switch-default'; did you mean '-Wno-switch-default'?
make[1]: *** [CMakeFiles/cmTC_7e3f5.dir/build.make:66: CMakeFiles/cmTC_7e3f5.dir/src.c.o] Error 1
make[1]: Leaving directory '/home/thomas/dev/apple-libtapi/src/llvm1/build/CMakeFiles/CMakeTmp'
make: *** [Makefile:121: cmTC_7e3f5/fast] Error 2

Source file was:
int main(void) { return 0; }
Performing C++ SOURCE FILE Test CXX_SUPPORTS_COVERED_SWITCH_DEFAULT_FLAG failed with the following output:
Change Dir: /home/thomas/dev/apple-libtapi/src/llvm1/build/CMakeFiles/CMakeTmp

Run Build Command(s):/usr/bin/make cmTC_f466e/fast 
/usr/bin/make -f CMakeFiles/cmTC_f466e.dir/build.make CMakeFiles/cmTC_f466e.dir/build
make[1]: Entering directory '/home/thomas/dev/apple-libtapi/src/llvm1/build/CMakeFiles/CMakeTmp'
Building CXX object CMakeFiles/cmTC_f466e.dir/src.cxx.o
/usr/bin/c++    -fPIC -fvisibility-inlines-hidden -Werror=date-time -std=c++11 -Wall -W -Wno-unused-parameter -Wwrite-strings -Wcast-qual -Wno-missing-field-initializers -pedantic -Wno-long-long -DCXX_SUPPORTS_COVERED_SWITCH_DEFAULT_FLAG   -Werror -Wcovered-switch-default -o CMakeFiles/cmTC_f466e.dir/src.cxx.o -c /home/thomas/dev/apple-libtapi/src/llvm1/build/CMakeFiles/CMakeTmp/src.cxx
c++: error: unrecognized command line option '-Wcovered-switch-default'; did you mean '-Wno-switch-default'?
make[1]: *** [CMakeFiles/cmTC_f466e.dir/build.make:66: CMakeFiles/cmTC_f466e.dir/src.cxx.o] Error 1
make[1]: Leaving directory '/home/thomas/dev/apple-libtapi/src/llvm1/build/CMakeFiles/CMakeTmp'
make: *** [Makefile:121: cmTC_f466e/fast] Error 2

Source file was:
int main() { return 0; }
Performing C SOURCE FILE Test C_SUPPORTS_DELETE_NON_VIRTUAL_DTOR_FLAG failed with the following output:
Change Dir: /home/thomas/dev/apple-libtapi/src/llvm1/build/CMakeFiles/CMakeTmp

Run Build Command(s):/usr/bin/make cmTC_1106b/fast 
/usr/bin/make -f CMakeFiles/cmTC_1106b.dir/build.make CMakeFiles/cmTC_1106b.dir/build
make[1]: Entering directory '/home/thomas/dev/apple-libtapi/src/llvm1/build/CMakeFiles/CMakeTmp'
Building C object CMakeFiles/cmTC_1106b.dir/src.c.o
/usr/bin/cc   -fPIC -Werror=date-time -Wall -W -Wno-unused-parameter -Wwrite-strings -Wno-missing-field-initializers -pedantic -Wno-long-long -DC_SUPPORTS_DELETE_NON_VIRTUAL_DTOR_FLAG   -Werror -Wdelete-non-virtual-dtor -o CMakeFiles/cmTC_1106b.dir/src.c.o   -c /home/thomas/dev/apple-libtapi/src/llvm1/build/CMakeFiles/CMakeTmp/src.c
cc1: error: command line option '-Wdelete-non-virtual-dtor' is valid for C++/ObjC++ but not for C [-Werror]
cc1: all warnings being treated as errors
make[1]: *** [CMakeFiles/cmTC_1106b.dir/build.make:66: CMakeFiles/cmTC_1106b.dir/src.c.o] Error 1
make[1]: Leaving directory '/home/thomas/dev/apple-libtapi/src/llvm1/build/CMakeFiles/CMakeTmp'
make: *** [Makefile:121: cmTC_1106b/fast] Error 2

Source file was:
int main(void) { return 0; }
Performing C SOURCE FILE Test C_WCOMMENT_ALLOWS_LINE_WRAP failed with the following output:
Change Dir: /home/thomas/dev/apple-libtapi/src/llvm1/build/CMakeFiles/CMakeTmp

Run Build Command(s):/usr/bin/make cmTC_a2492/fast 
/usr/bin/make -f CMakeFiles/cmTC_a2492.dir/build.make CMakeFiles/cmTC_a2492.dir/build
make[1]: Verzeichnis „/home/thomas/dev/apple-libtapi/src/llvm1/build/CMakeFiles/CMakeTmp“ wird betreten
Building C object CMakeFiles/cmTC_a2492.dir/src.c.o
/usr/bin/cc -D_GNU_SOURCE  -fPIC -Werror=date-time -Wall -W -Wno-unused-parameter -Wwrite-strings -Wno-missing-field-initializers -pedantic -Wno-long-long -DC_WCOMMENT_ALLOWS_LINE_WRAP  -Werror -Wcomment   -o CMakeFiles/cmTC_a2492.dir/src.c.o   -c /home/thomas/dev/apple-libtapi/src/llvm1/build/CMakeFiles/CMakeTmp/src.c
/home/thomas/dev/apple-libtapi/src/llvm1/build/CMakeFiles/CMakeTmp/src.c:1:1: Fehler: mehrzeiliger Kommentar [-Werror=comment]
    1 | // \
      | ^
cc1: Alle Warnungen werden als Fehler behandelt
make[1]: *** [CMakeFiles/cmTC_a2492.dir/build.make:66: CMakeFiles/cmTC_a2492.dir/src.c.o] Fehler 1
make[1]: Verzeichnis „/home/thomas/dev/apple-libtapi/src/llvm1/build/CMakeFiles/CMakeTmp“ wird verlassen
make: *** [Makefile:121: cmTC_a2492/fast] Fehler 2

Source file was:
// \
//
int main() {return 0;}
Performing C SOURCE FILE Test C_SUPPORTS_STRING_CONVERSION_FLAG failed with the following output:
Change Dir: /home/thomas/dev/apple-libtapi/src/llvm1/build/CMakeFiles/CMakeTmp

Run Build Command(s):/usr/bin/make cmTC_99444/fast 
/usr/bin/make -f CMakeFiles/cmTC_99444.dir/build.make CMakeFiles/cmTC_99444.dir/build
make[1]: Entering directory '/home/thomas/dev/apple-libtapi/src/llvm1/build/CMakeFiles/CMakeTmp'
Building C object CMakeFiles/cmTC_99444.dir/src.c.o
/usr/bin/cc   -fPIC -Werror=date-time -Wall -W -Wno-unused-parameter -Wwrite-strings -Wno-missing-field-initializers -pedantic -Wno-long-long -Wno-comment -DC_SUPPORTS_STRING_CONVERSION_FLAG   -Werror -Wstring-conversion -o CMakeFiles/cmTC_99444.dir/src.c.o   -c /home/thomas/dev/apple-libtapi/src/llvm1/build/CMakeFiles/CMakeTmp/src.c
cc: error: unrecognized command line option '-Wstring-conversion'; did you mean '-Wsign-conversion'?
make[1]: *** [CMakeFiles/cmTC_99444.dir/build.make:66: CMakeFiles/cmTC_99444.dir/src.c.o] Error 1
make[1]: Leaving directory '/home/thomas/dev/apple-libtapi/src/llvm1/build/CMakeFiles/CMakeTmp'
make: *** [Makefile:121: cmTC_99444/fast] Error 2

Source file was:
int main(void) { return 0; }
Performing C++ SOURCE FILE Test CXX_SUPPORTS_STRING_CONVERSION_FLAG failed with the following output:
Change Dir: /home/thomas/dev/apple-libtapi/src/llvm1/build/CMakeFiles/CMakeTmp

Run Build Command(s):/usr/bin/make cmTC_cd044/fast 
/usr/bin/make -f CMakeFiles/cmTC_cd044.dir/build.make CMakeFiles/cmTC_cd044.dir/build
make[1]: Entering directory '/home/thomas/dev/apple-libtapi/src/llvm1/build/CMakeFiles/CMakeTmp'
Building CXX object CMakeFiles/cmTC_cd044.dir/src.cxx.o
/usr/bin/c++    -fPIC -fvisibility-inlines-hidden -Werror=date-time -std=c++11 -Wall -W -Wno-unused-parameter -Wwrite-strings -Wcast-qual -Wno-missing-field-initializers -pedantic -Wno-long-long -Wno-maybe-uninitialized -Wdelete-non-virtual-dtor -Wno-comment -DCXX_SUPPORTS_STRING_CONVERSION_FLAG   -Werror -Wstring-conversion -o CMakeFiles/cmTC_cd044.dir/src.cxx.o -c /home/thomas/dev/apple-libtapi/src/llvm1/build/CMakeFiles/CMakeTmp/src.cxx
c++: error: unrecognized command line option '-Wstring-conversion'; did you mean '-Wsign-conversion'?
make[1]: *** [CMakeFiles/cmTC_cd044.dir/build.make:66: CMakeFiles/cmTC_cd044.dir/src.cxx.o] Error 1
make[1]: Leaving directory '/home/thomas/dev/apple-libtapi/src/llvm1/build/CMakeFiles/CMakeTmp'
make: *** [Makefile:121: cmTC_cd044/fast] Error 2

Source file was:
int main() { return 0; }
Performing C++ SOURCE FILE Test CXX_SUPPORTS_NO_NESTED_ANON_TYPES_FLAG failed with the following output:
Change Dir: /home/thomas/dev/apple-libtapi/src/llvm1/build/CMakeFiles/CMakeTmp

Run Build Command(s):/usr/bin/make cmTC_d3c99/fast 
/usr/bin/make -f CMakeFiles/cmTC_d3c99.dir/build.make CMakeFiles/cmTC_d3c99.dir/build
make[1]: Entering directory '/home/thomas/dev/apple-libtapi/src/llvm1/build/CMakeFiles/CMakeTmp'
Building CXX object CMakeFiles/cmTC_d3c99.dir/src.cxx.o
/usr/bin/c++    -fPIC -fvisibility-inlines-hidden -Werror=date-time -std=c++11 -Wall -W -Wno-unused-parameter -Wwrite-strings -Wcast-qual -Wno-missing-field-initializers -pedantic -Wno-long-long -Wno-maybe-uninitialized -Wdelete-non-virtual-dtor -Wno-comment -ffunction-sections -fdata-sections -fno-common -Woverloaded-virtual -fno-strict-aliasing -DCXX_SUPPORTS_NO_NESTED_ANON_TYPES_FLAG   -Werror -Wnested-anon-types -o CMakeFiles/cmTC_d3c99.dir/src.cxx.o -c /home/thomas/dev/apple-libtapi/src/llvm1/build/CMakeFiles/CMakeTmp/src.cxx
c++: error: unrecognized command line option '-Wnested-anon-types'
make[1]: *** [CMakeFiles/cmTC_d3c99.dir/build.make:66: CMakeFiles/cmTC_d3c99.dir/src.cxx.o] Error 1
make[1]: Leaving directory '/home/thomas/dev/apple-libtapi/src/llvm1/build/CMakeFiles/CMakeTmp'
make: *** [Makefile:121: cmTC_d3c99/fast] Error 2

Source file was:
int main() { return 0; }
Performing C SOURCE FILE Test LINKER_SUPPORTS_NO_INITS failed with the following output:
Change Dir: /home/thomas/dev/apple-libtapi/src/llvm1/build/CMakeFiles/CMakeTmp

Run Build Command(s):/usr/bin/make cmTC_93593/fast 
/usr/bin/make -f CMakeFiles/cmTC_93593.dir/build.make CMakeFiles/cmTC_93593.dir/build
make[1]: Entering directory '/home/thomas/dev/apple-libtapi/src/llvm1/build/CMakeFiles/CMakeTmp'
Building C object CMakeFiles/cmTC_93593.dir/src.c.o
/usr/bin/cc   -fPIC -Werror=date-time -Wall -W -Wno-unused-parameter -Wwrite-strings -Wno-missing-field-initializers -pedantic -Wno-long-long -Wno-comment -ffunction-sections -fdata-sections -DLINKER_SUPPORTS_NO_INITS -Wl,-no_inits   -o CMakeFiles/cmTC_93593.dir/src.c.o   -c /home/thomas/dev/apple-libtapi/src/llvm1/build/CMakeFiles/CMakeTmp/src.c
Linking C executable cmTC_93593
/usr/bin/cmake -E cmake_link_script CMakeFiles/cmTC_93593.dir/link.txt --verbose=1
/usr/bin/cc  -fPIC -Werror=date-time -Wall -W -Wno-unused-parameter -Wwrite-strings -Wno-missing-field-initializers -pedantic -Wno-long-long -Wno-comment -ffunction-sections -fdata-sections -DLINKER_SUPPORTS_NO_INITS -Wl,-no_inits   -Wl,-allow-shlib-undefined  CMakeFiles/cmTC_93593.dir/src.c.o  -o cmTC_93593 -lm 
/usr/bin/ld: cannot find -lgcc_s
/usr/bin/ld: cannot find -lgcc_s
collect2: error: ld returned 1 exit status
make[1]: *** [CMakeFiles/cmTC_93593.dir/build.make:87: cmTC_93593] Error 1
make[1]: Leaving directory '/home/thomas/dev/apple-libtapi/src/llvm1/build/CMakeFiles/CMakeTmp'
make: *** [Makefile:121: cmTC_93593/fast] Error 2

Source file was:
int main(void) { return 0; }
